<?xml version="1.0" encoding="UTF-8"?>
<testsuite xmlns:xsi="http://www.w3.org/2001/XMLSchema-instance" xsi:noNamespaceSchemaLocation="https://maven.apache.org/surefire/maven-surefire-plugin/xsd/surefire-test-report-3.0.xsd" version="3.0" name="com.heroku.tests.elements.ButtonTests" time="2.951" tests="1" errors="0" skipped="0" failures="0">
  <properties>
[...]
</properties>
  <testcase name="rightClickOnHotSpotTest" classname="com.heroku.tests.elements.ButtonTests" time="2.951">
    <system-err><![CDATA[Apr. 02, 2025 10:51:41 PM org.openqa.selenium.manager.SeleniumManager lambda$runCommand$1
WARNUNG: The chromedriver version (133.0.6943.53) detected in PATH at C:\tools\chromedriver.exe might not be compatible with the detected chrome version (134.0.6998.178); currently, chromedriver 134.0.6998.165 is recommended for chrome 134.*, so it is advised to delete the driver in PATH and retry
Apr. 02, 2025 10:51:41 PM org.openqa.selenium.devtools.CdpVersionFinder findNearestMatch
WARNUNG: Unable to find an exact match for CDP version 134, returning the closest version; found: 133; Please update to a Selenium version that supports CDP version 134
]]></system-err>
  </testcase>
</testsuite>